2025-09-18 15:28:17,307 - INFO - Loaded configuration from .env file
2025-09-18 15:28:17,307 - INFO - Starting server count update process...
2025-09-18 15:28:17,308 - WARNING - Guilds intent seems to be disabled. This may cause state related issues.
2025-09-18 15:28:17,309 - INFO - logging in using static token
2025-09-18 15:28:17,638 - ERROR - Discord login failed - check your bot token
2025-09-18 15:28:17,638 - ERROR - Failed to collect Discord statistics
2025-09-18 15:28:17,661 - ERROR - Unclosed connector
connections: ['deque([(<aiohttp.client_proto.ResponseHandler object at 0x000001FFAD3DEFF0>, 10063.1835927)])']
connector: <aiohttp.connector.TCPConnector object at 0x000001FFAD35F620>
2025-09-18 15:29:06,603 - INFO - Loaded configuration from .env file
2025-09-18 15:29:06,603 - INFO - Starting server count update process...
2025-09-18 15:29:06,604 - WARNING - Guilds intent seems to be disabled. This may cause state related issues.
2025-09-18 15:29:06,604 - INFO - logging in using static token
2025-09-18 15:29:07,812 - INFO - Shard ID None has connected to Gateway (Session ID: cd9fef34143f860514ad56cc51489e14).
2025-09-18 15:29:09,816 - INFO - Bot logged in as MImsa7a bot#5258
2025-09-18 15:29:09,818 - INFO - Collected stats: 0 servers, 0 total members
2025-09-18 15:29:10,157 - ERROR - Error getting file SHA: 401 - {"message":"Bad credentials","documentation_url":"https://docs.github.com/rest","status":"401"}
2025-09-18 15:29:10,494 - ERROR - Failed to update GitHub file: 401 - {"message":"Bad credentials","documentation_url":"https://docs.github.com/rest","status":"401"}
2025-09-18 15:29:10,542 - ERROR - Unclosed connector
connections: ['deque([(<aiohttp.client_proto.ResponseHandler object at 0x0000017DD9ADEFF0>, 10112.8257913)])']
connector: <aiohttp.connector.TCPConnector object at 0x0000017DD9A5F770>
2025-09-18 15:34:26,798 - INFO - Loaded configuration from .env file
2025-09-18 15:34:26,798 - INFO - Starting server count update process...
2025-09-18 15:34:26,799 - WARNING - Guilds intent seems to be disabled. This may cause state related issues.
2025-09-18 15:34:26,800 - INFO - logging in using static token
2025-09-18 15:34:28,081 - INFO - Shard ID None has connected to Gateway (Session ID: 671655abde8cd9cc9fd7542bfc6a034d).
2025-09-18 15:34:30,088 - INFO - Bot logged in as MImsa7a bot#5258
2025-09-18 15:34:30,088 - INFO - Collected stats: 0 servers, 0 total members
2025-09-18 15:34:31,264 - INFO - Successfully updated GitHub file with 0 servers
2025-09-18 15:34:31,313 - ERROR - Unclosed connector
connections: ['deque([(<aiohttp.client_proto.ResponseHandler object at 0x000002B0763DEF90>, 10433.0233611)])']
connector: <aiohttp.connector.TCPConnector object at 0x000002B07635F770>
2025-09-18 15:40:31,367 - INFO - Starting update process...
2025-09-18 15:40:31,369 - INFO - logging in using static token
2025-09-18 15:40:33,185 - INFO - Shard ID None has connected to Gateway (Session ID: 05e7ac751ba056d0c5c9e97c5a254978).
2025-09-18 15:40:35,193 - INFO - Logged in as MImsa7a bot#5258
2025-09-18 15:40:35,194 - INFO - Stats: 0 servers, 0 members
2025-09-18 15:40:36,432 - INFO - GitHub file updated with 0 servers.
2025-09-18 15:40:36,465 - ERROR - Unclosed connector
connections: ['deque([(<aiohttp.client_proto.ResponseHandler object at 0x0000017FB21DE870>, 10797.9017428)])']
connector: <aiohttp.connector.TCPConnector object at 0x0000017FB215B620>
2025-09-18 15:52:38,550 - INFO - Starting update process...
2025-09-18 15:52:38,552 - INFO - logging in using static token
2025-09-18 15:52:39,948 - INFO - Shard ID None has connected to Gateway (Session ID: a040a9e861016b018480ebce7ac48b94).
2025-09-18 15:52:41,958 - INFO - Logged in as MImsa7a bot#5258
2025-09-18 15:52:41,959 - INFO - Stats: 2 servers, 12 members
2025-09-18 15:52:43,130 - INFO - GitHub file updated with 2 servers.
2025-09-18 15:52:43,154 - ERROR - Unclosed connector
connections: ['deque([(<aiohttp.client_proto.ResponseHandler object at 0x0000024EE5ADE870>, 11524.9717905)])']
connector: <aiohttp.connector.TCPConnector object at 0x0000024EE5A5B620>
2025-09-18 16:43:13,615 - INFO - Starting update process...
2025-09-18 16:43:13,617 - INFO - logging in using static token
2025-09-18 16:43:34,180 - ERROR - Unclosed client session
client_session: <aiohttp.client.ClientSession object at 0x000001D94165BB60>
2025-09-18 16:43:38,450 - INFO - Starting update process...
2025-09-18 16:43:38,451 - INFO - logging in using static token
2025-09-18 16:43:39,559 - INFO - Shard ID None has connected to Gateway (Session ID: 10951d2a9a2438a94e33622955d4eebe).
2025-09-18 16:43:41,635 - INFO - Logged in as Redline S#9818
2025-09-18 16:43:41,636 - INFO - Stats: 1 servers, 1643 members
2025-09-18 16:43:42,871 - INFO - GitHub file updated with 1 servers.
2025-09-18 16:43:42,903 - ERROR - Unclosed connector
connections: ['deque([(<aiohttp.client_proto.ResponseHandler object at 0x000002624F4DE870>, 14584.5917466)])']
connector: <aiohttp.connector.TCPConnector object at 0x000002624F45B620>
